<?xml version="1.0" encoding="UTF-8"?>
<!-- Generated by org.testng.reporters.JUnitReportReporter -->
<testsuite skipped="0" hostname="LAPTOP-TREQVJA5" name="com.APITests.Users" tests="1" failures="0" timestamp="2021-02-25T18:27:17 IST" time="0.717" errors="0">
  <testcase name="Authentication" time="0.717" classname="com.APITests.Users"/>
  <system-out/>
</testsuite> <!-- com.APITests.Users -->
