<?xml version="1.0" encoding="UTF-8"?>
<!-- Generated by org.testng.reporters.JUnitReportReporter -->
<testsuite skipped="0" hostname="LAPTOP-TREQVJA5" name="com.APITests.Tags" tests="1" failures="0" timestamp="2021-02-25T18:27:17 IST" time="7.109" errors="0">
  <testcase name="getTags" time="7.109" classname="com.APITests.Tags"/>
  <system-out/>
</testsuite> <!-- com.APITests.Tags -->
