<?xml version="1.0" encoding="UTF-8"?>
<!-- Generated by org.testng.reporters.JUnitReportReporter -->
<testsuite skipped="0" hostname="LAPTOP-TREQVJA5" name="APIPackage.PostUsers" tests="1" failures="0" timestamp="2021-02-25T04:39:56 IST" time="5.625" errors="0">
  <testcase name="Authentication" time="5.625" classname="APIPackage.PostUsers"/>
  <system-out/>
</testsuite> <!-- APIPackage.PostUsers -->
