<?xml version="1.0" encoding="UTF-8"?>
<!-- Generated by org.testng.reporters.JUnitReportReporter -->
<testsuite skipped="0" hostname="LAPTOP-TREQVJA5" name="com.APITests.Tags" tests="1" failures="0" timestamp="2021-02-25T14:07:13 IST" time="6.633" errors="0">
  <testcase name="getTags" time="6.633" classname="com.APITests.Tags"/>
  <system-out/>
</testsuite> <!-- com.APITests.Tags -->
