<?xml version="1.0" encoding="UTF-8"?>
<!-- Generated by org.testng.reporters.JUnitReportReporter -->
<testsuite skipped="0" hostname="LAPTOP-TREQVJA5" name="com.APITests.Users" tests="1" failures="0" timestamp="2021-02-25T18:04:09 IST" time="6.326" errors="0">
  <testcase name="Authentication" time="6.326" classname="com.APITests.Users"/>
  <system-out/>
</testsuite> <!-- com.APITests.Users -->
