<?xml version="1.0" encoding="UTF-8"?>
<!-- Generated by org.testng.reporters.JUnitReportReporter -->
<testsuite skipped="0" hostname="LAPTOP-TREQVJA5" name="APIPackage.GetTags" tests="2" failures="0" timestamp="2021-02-25T04:55:17 IST" time="5.927" errors="0">
  <testcase name="getArticleonTags" time="3.509" classname="APIPackage.GetTags"/>
  <system-out/>
  <testcase name="getTags" time="2.418" classname="APIPackage.GetTags"/>
  <system-out/>
</testsuite> <!-- APIPackage.GetTags -->
