<?xml version="1.0" encoding="UTF-8"?>
<!-- Generated by org.testng.reporters.JUnitReportReporter -->
<testsuite skipped="0" hostname="LAPTOP-TREQVJA5" name="com.APITests.Articles" tests="1" failures="0" timestamp="2021-02-25T18:24:09 IST" time="4.102" errors="0">
  <testcase name="getListArticles" time="4.102" classname="com.APITests.Articles"/>
  <system-out/>
</testsuite> <!-- com.APITests.Articles -->
